# JRE version: OpenJDK Runtime Environment Microsoft-13106404 (21.0.10+7) (build 21.0.10+7-LTS)
# Java VM: OpenJDK 64-Bit Server VM Microsoft-13106404 (21.0.10+7-LTS, mixed mode, sharing, tiered, compressed oops, compressed class ptrs, g1 gc, windows-amd64)
GC Precious Log:
 CardTable entry size: 512
 Card Set container configuration: InlinePtr #cards 5 size 8 Array Of Cards #cards 12 size 40 Howl #buckets 4 coarsen threshold 1843 Howl Bitmap #cards 512 size 80 coarsen threshold 460 Card regions per heap region 1 cards per card region 2048
 CPUs: 12 total, 12 available
 Memory: 7550M
 Large Page Support: Disabled
 NUMA Support: Disabled
 Compressed Oops: Enabled (32-bit)
 Heap Region Size: 1M
 Heap Min Capacity: 8M
 Heap Initial Capacity: 118M
 Heap Max Capacity: 1888M
 Pre-touch: Disabled
 Parallel Workers: 10
 Concurrent Workers: 3
 Concurrent Refinement Workers: 10
 Periodic GC: Disabled
Heap:
 garbage-first heap   total 153600K, used 81919K [0x000000008a000000, 0x0000000100000000)
  region size 1024K, 29 young (29696K), 5 survivors (5120K)
 Metaspace       used 19620K, committed 20096K, reserved 1114112K
  class space    used 2183K, committed 2368K, reserved 1048576K
GC Heap History (18 events):
Event: 0.743 GC heap before
{Heap before GC invocations=0 (full 0):
 garbage-first heap   total 120832K, used 34816K [0x000000008a000000, 0x0000000100000000)
  region size 1024K, 23 young (23552K), 0 survivors (0K)
 Metaspace       used 2602K, committed 2816K, reserved 1114112K
  class space    used 229K, committed 320K, reserved 1048576K
}
Event: 0.748 GC heap after
{Heap after GC invocations=1 (full 0):
 garbage-first heap   total 120832K, used 17024K [0x000000008a000000, 0x0000000100000000)
  region size 1024K, 3 young (3072K), 3 survivors (3072K)
 Metaspace       used 2602K, committed 2816K, reserved 1114112K
  class space    used 229K, committed 320K, reserved 1048576K
}
Event: 0.938 GC heap before
{Heap before GC invocations=1 (full 0):
 garbage-first heap   total 120832K, used 47744K [0x000000008a000000, 0x0000000100000000)
  region size 1024K, 28 young (28672K), 3 survivors (3072K)
 Metaspace       used 2622K, committed 2816K, reserved 1114112K
  class space    used 229K, committed 320K, reserved 1048576K
}
Event: 0.949 GC heap after
{Heap after GC invocations=2 (full 0):
 garbage-first heap   total 120832K, used 32256K [0x000000008a000000, 0x0000000100000000)
  region size 1024K, 4 young (4096K), 4 survivors (4096K)
 Metaspace       used 2622K, committed 2816K, reserved 1114112K
  class space    used 229K, committed 320K, reserved 1048576K
}
Event: 1.451 GC heap before
{Heap before GC invocations=2 (full 0):
 garbage-first heap   total 120832K, used 95744K [0x000000008a000000, 0x0000000100000000)
  region size 1024K, 52 young (53248K), 4 survivors (4096K)
 Metaspace       used 4447K, committed 4608K, reserved 1114112K
  class space    used 415K, committed 512K, reserved 1048576K
}
Event: 1.465 GC heap after
{Heap after GC invocations=3 (full 0):
 garbage-first heap   total 120832K, used 37888K [0x000000008a000000, 0x0000000100000000)
  region size 1024K, 7 young (7168K), 7 survivors (7168K)
 Metaspace       used 4447K, committed 4608K, reserved 1114112K
  class space    used 415K, committed 512K, reserved 1048576K
}
Event: 2.296 GC heap before
{Heap before GC invocations=3 (full 0):
 garbage-first heap   total 120832K, used 84992K [0x000000008a000000, 0x0000000100000000)
  region size 1024K, 51 young (52224K), 7 survivors (7168K)
 Metaspace       used 4737K, committed 4928K, reserved 1114112K
  class space    used 431K, committed 512K, reserved 1048576K
}
Event: 2.303 GC heap after
{Heap after GC invocations=4 (full 0):
 garbage-first heap   total 120832K, used 46080K [0x000000008a000000, 0x0000000100000000)
  region size 1024K, 7 young (7168K), 7 survivors (7168K)
 Metaspace       used 4737K, committed 4928K, reserved 1114112K
  class space    used 431K, committed 512K, reserved 1048576K
}
Event: 2.590 GC heap before
{Heap before GC invocations=4 (full 0):
 garbage-first heap   total 120832K, used 93184K [0x000000008a000000, 0x0000000100000000)
  region size 1024K, 50 young (51200K), 7 survivors (7168K)
 Metaspace       used 5234K, committed 5440K, reserved 1114112K
  class space    used 486K, committed 576K, reserved 1048576K
}
Event: 2.597 GC heap after
{Heap after GC invocations=5 (full 0):
 garbage-first heap   total 120832K, used 55296K [0x000000008a000000, 0x0000000100000000)
  region size 1024K, 5 young (5120K), 5 survivors (5120K)
 Metaspace       used 5234K, committed 5440K, reserved 1114112K
  class space    used 486K, committed 576K, reserved 1048576K
}
Event: 2.611 GC heap before
{Heap before GC invocations=5 (full 0):
 garbage-first heap   total 120832K, used 70656K [0x000000008a000000, 0x0000000100000000)
  region size 1024K, 18 young (18432K), 5 survivors (5120K)
 Metaspace       used 5234K, committed 5440K, reserved 1114112K
  class space    used 486K, committed 576K, reserved 1048576K
}
Event: 2.619 GC heap after
{Heap after GC invocations=6 (full 0):
 garbage-first heap   total 120832K, used 64512K [0x000000008a000000, 0x0000000100000000)
  region size 1024K, 6 young (6144K), 6 survivors (6144K)
 Metaspace       used 5234K, committed 5440K, reserved 1114112K
  class space    used 486K, committed 576K, reserved 1048576K
}
Event: 2.689 GC heap before
{Heap before GC invocations=7 (full 0):
 garbage-first heap   total 120832K, used 95232K [0x000000008a000000, 0x0000000100000000)
  region size 1024K, 32 young (32768K), 6 survivors (6144K)
 Metaspace       used 5240K, committed 5440K, reserved 1114112K
  class space    used 488K, committed 576K, reserved 1048576K
}
Event: 2.700 GC heap after
{Heap after GC invocations=8 (full 0):
 garbage-first heap   total 153600K, used 55808K [0x000000008a000000, 0x0000000100000000)
  region size 1024K, 4 young (4096K), 4 survivors (4096K)
 Metaspace       used 5240K, committed 5440K, reserved 1114112K
  class space    used 488K, committed 576K, reserved 1048576K
}
Event: 2.871 GC heap before
{Heap before GC invocations=8 (full 0):
 garbage-first heap   total 153600K, used 108032K [0x000000008a000000, 0x0000000100000000)
  region size 1024K, 55 young (56320K), 4 survivors (4096K)
 Metaspace       used 5432K, committed 5632K, reserved 1114112K
  class space    used 496K, committed 576K, reserved 1048576K
}
Event: 2.877 GC heap after
{Heap after GC invocations=9 (full 0):
 garbage-first heap   total 153600K, used 56334K [0x000000008a000000, 0x0000000100000000)
  region size 1024K, 3 young (3072K), 3 survivors (3072K)
 Metaspace       used 5432K, committed 5632K, reserved 1114112K
  class space    used 496K, committed 576K, reserved 1048576K
}
Event: 3.625 GC heap before
{Heap before GC invocations=9 (full 0):
 garbage-first heap   total 153600K, used 118798K [0x000000008a000000, 0x0000000100000000)
  region size 1024K, 64 young (65536K), 3 survivors (3072K)
 Metaspace       used 13908K, committed 14208K, reserved 1114112K
  class space    used 1531K, committed 1664K, reserved 1048576K
}
Event: 3.629 GC heap after
{Heap after GC invocations=10 (full 0):
 garbage-first heap   total 153600K, used 58367K [0x000000008a000000, 0x0000000100000000)
  region size 1024K, 5 young (5120K), 5 survivors (5120K)
 Metaspace       used 13908K, committed 14208K, reserved 1114112K
  class space    used 1531K, committed 1664K, reserved 1048576K
}

